{"/home/runner/work/org_model/org_model/src/exception.ts": {"path":"/home/runner/work/org_model/org_model/src/exception.ts","statementMap":{"0":{"start":{"line":3,"column":4},"end":{"line":3,"column":null}},"1":{"start":{"line":1,"column":0},"end":{"line":1,"column":13}}},"fnMap":{"0":{"name":"(anonymous_0)","decl":{"start":{"line":2,"column":2},"end":{"line":2,"column":14}},"loc":{"start":{"line":2,"column":23},"end":{"line":4,"column":3}}}},"branchMap":{},"s":{"0":4,"1":2},"f":{"0":4},"b":{}}
,"/home/runner/work/org_model/org_model/src/model/node.interface.ts": {"path":"/home/runner/work/org_model/org_model/src/model/node.interface.ts","statementMap":{"0":{"start":{"line":1,"column":13},"end":{"line":5,"column":11}}},"fnMap":{},"branchMap":{},"s":{"0":3},"f":{},"b":{}}
,"/home/runner/work/org_model/org_model/src/model/node.ts": {"path":"/home/runner/work/org_model/org_model/src/model/node.ts","statementMap":{"0":{"start":{"line":1,"column":0},"end":{"line":1,"column":54}},"1":{"start":{"line":4,"column":2},"end":{"line":4,"column":20}},"2":{"start":{"line":5,"column":2},"end":{"line":5,"column":19}},"3":{"start":{"line":10,"column":4},"end":{"line":15,"column":null}},"4":{"start":{"line":16,"column":4},"end":{"line":16,"column":null}},"5":{"start":{"line":18,"column":32},"end":{"line":18,"column":56}},"6":{"start":{"line":19,"column":32},"end":{"line":19,"column":62}},"7":{"start":{"line":20,"column":32},"end":{"line":20,"column":58}},"8":{"start":{"line":21,"column":32},"end":{"line":21,"column":60}},"9":{"start":{"line":22,"column":32},"end":{"line":22,"column":54}},"10":{"start":{"line":23,"column":32},"end":{"line":23,"column":58}},"11":{"start":{"line":3,"column":0},"end":{"line":3,"column":22}},"12":{"start":{"line":32,"column":4},"end":{"line":32,"column":null}},"13":{"start":{"line":30,"column":0},"end":{"line":30,"column":13}},"14":{"start":{"line":41,"column":4},"end":{"line":41,"column":null}},"15":{"start":{"line":39,"column":0},"end":{"line":39,"column":13}},"16":{"start":{"line":50,"column":4},"end":{"line":50,"column":null}},"17":{"start":{"line":48,"column":0},"end":{"line":48,"column":13}}},"fnMap":{"0":{"name":"(anonymous_2)","decl":{"start":{"line":7,"column":2},"end":{"line":7,"column":null}},"loc":{"start":{"line":8,"column":48},"end":{"line":17,"column":3}}},"1":{"name":"(anonymous_3)","decl":{"start":{"line":18,"column":2},"end":{"line":18,"column":6}},"loc":{"start":{"line":18,"column":8},"end":{"line":18,"column":58}}},"2":{"name":"(anonymous_4)","decl":{"start":{"line":19,"column":2},"end":{"line":19,"column":6}},"loc":{"start":{"line":19,"column":14},"end":{"line":19,"column":64}}},"3":{"name":"(anonymous_5)","decl":{"start":{"line":20,"column":2},"end":{"line":20,"column":6}},"loc":{"start":{"line":20,"column":10},"end":{"line":20,"column":60}}},"4":{"name":"(anonymous_6)","decl":{"start":{"line":21,"column":2},"end":{"line":21,"column":6}},"loc":{"start":{"line":21,"column":12},"end":{"line":21,"column":62}}},"5":{"name":"(anonymous_7)","decl":{"start":{"line":22,"column":2},"end":{"line":22,"column":6}},"loc":{"start":{"line":22,"column":14},"end":{"line":22,"column":56}}},"6":{"name":"(anonymous_8)","decl":{"start":{"line":23,"column":2},"end":{"line":23,"column":6}},"loc":{"start":{"line":23,"column":10},"end":{"line":23,"column":60}}},"7":{"name":"(anonymous_9)","decl":{"start":{"line":31,"column":2},"end":{"line":31,"column":14}},"loc":{"start":{"line":31,"column":39},"end":{"line":33,"column":3}}},"8":{"name":"(anonymous_10)","decl":{"start":{"line":40,"column":2},"end":{"line":40,"column":14}},"loc":{"start":{"line":40,"column":39},"end":{"line":42,"column":3}}},"9":{"name":"(anonymous_11)","decl":{"start":{"line":49,"column":2},"end":{"line":49,"column":14}},"loc":{"start":{"line":49,"column":39},"end":{"line":51,"column":3}}}},"branchMap":{"0":{"loc":{"start":{"line":11,"column":16},"end":{"line":11,"column":26}},"type":"binary-expr","locations":[{"start":{"line":11,"column":16},"end":{"line":11,"column":26}},{"start":{"line":11,"column":37},"end":{"line":11,"column":41}}]},"1":{"loc":{"start":{"line":12,"column":16},"end":{"line":12,"column":32}},"type":"binary-expr","locations":[{"start":{"line":12,"column":16},"end":{"line":12,"column":32}},{"start":{"line":12,"column":37},"end":{"line":12,"column":53}}]},"2":{"loc":{"start":{"line":13,"column":16},"end":{"line":13,"column":29}},"type":"binary-expr","locations":[{"start":{"line":13,"column":16},"end":{"line":13,"column":29}},{"start":{"line":13,"column":37},"end":{"line":13,"column":39}}]},"3":{"loc":{"start":{"line":14,"column":16},"end":{"line":14,"column":30}},"type":"binary-expr","locations":[{"start":{"line":14,"column":16},"end":{"line":14,"column":30}},{"start":{"line":14,"column":37},"end":{"line":14,"column":41}}]},"4":{"loc":{"start":{"line":16,"column":21},"end":{"line":16,"column":29}},"type":"binary-expr","locations":[{"start":{"line":16,"column":21},"end":{"line":16,"column":29}},{"start":{"line":16,"column":33},"end":{"line":16,"column":35}}]}},"s":{"0":3,"1":11,"2":11,"3":11,"4":11,"5":0,"6":3,"7":3,"8":0,"9":0,"10":11,"11":3,"12":5,"13":3,"14":3,"15":3,"16":3,"17":3},"f":{"0":11,"1":0,"2":3,"3":3,"4":0,"5":0,"6":11,"7":5,"8":3,"9":3},"b":{"0":[11,3],"1":[11,0],"2":[11,0],"3":[11,7],"4":[11,11]}}
,"/home/runner/work/org_model/org_model/src/repository/db.ts": {"path":"/home/runner/work/org_model/org_model/src/repository/db.ts","statementMap":{"0":{"start":{"line":1,"column":0},"end":{"line":1,"column":28}},"1":{"start":{"line":3,"column":13},"end":{"line":8,"column":3}}},"fnMap":{},"branchMap":{},"s":{"0":2,"1":2},"f":{},"b":{}}
,"/home/runner/work/org_model/org_model/src/repository/org_table.ts": {"path":"/home/runner/work/org_model/org_model/src/repository/org_table.ts","statementMap":{"0":{"start":{"line":2,"column":0},"end":{"line":2,"column":44}},"1":{"start":{"line":3,"column":0},"end":{"line":3,"column":61}},"2":{"start":{"line":7,"column":2},"end":{"line":7,"column":9}},"3":{"start":{"line":10,"column":4},"end":{"line":10,"column":null}},"4":{"start":{"line":14,"column":18},"end":{"line":14,"column":50}},"5":{"start":{"line":15,"column":19},"end":{"line":15,"column":56}},"6":{"start":{"line":16,"column":4},"end":{"line":18,"column":null}},"7":{"start":{"line":17,"column":6},"end":{"line":17,"column":null}},"8":{"start":{"line":19,"column":4},"end":{"line":19,"column":38}},"9":{"start":{"line":6,"column":0},"end":{"line":6,"column":13}},"10":{"start":{"line":28,"column":4},"end":{"line":28,"column":48}},"11":{"start":{"line":26,"column":0},"end":{"line":26,"column":13}},"12":{"start":{"line":37,"column":4},"end":{"line":37,"column":51}},"13":{"start":{"line":35,"column":0},"end":{"line":35,"column":13}},"14":{"start":{"line":46,"column":4},"end":{"line":46,"column":49}},"15":{"start":{"line":44,"column":0},"end":{"line":44,"column":13}}},"fnMap":{"0":{"name":"(anonymous_2)","decl":{"start":{"line":9,"column":2},"end":{"line":9,"column":14}},"loc":{"start":{"line":9,"column":27},"end":{"line":11,"column":3}}},"1":{"name":"(anonymous_3)","decl":{"start":{"line":13,"column":2},"end":{"line":13,"column":7}},"loc":{"start":{"line":13,"column":25},"end":{"line":20,"column":3}}},"2":{"name":"(anonymous_4)","decl":{"start":{"line":27,"column":2},"end":{"line":27,"column":7}},"loc":{"start":{"line":27,"column":25},"end":{"line":29,"column":3}}},"3":{"name":"(anonymous_5)","decl":{"start":{"line":36,"column":2},"end":{"line":36,"column":7}},"loc":{"start":{"line":36,"column":25},"end":{"line":38,"column":3}}},"4":{"name":"(anonymous_6)","decl":{"start":{"line":45,"column":2},"end":{"line":45,"column":7}},"loc":{"start":{"line":45,"column":25},"end":{"line":47,"column":3}}}},"branchMap":{"0":{"loc":{"start":{"line":16,"column":4},"end":{"line":18,"column":null}},"type":"if","locations":[{"start":{"line":16,"column":4},"end":{"line":18,"column":null}},{"start":{"line":16,"column":4},"end":{"line":18,"column":null}}]}},"s":{"0":2,"1":2,"2":5,"3":5,"4":9,"5":9,"6":9,"7":4,"8":5,"9":2,"10":3,"11":2,"12":2,"13":2,"14":2,"15":2},"f":{"0":5,"1":9,"2":3,"3":2,"4":2},"b":{"0":[4,5]}}
,"/home/runner/work/org_model/org_model/src/service/company.ts": {"path":"/home/runner/work/org_model/org_model/src/service/company.ts","statementMap":{"0":{"start":{"line":1,"column":0},"end":{"line":1,"column":42}},"1":{"start":{"line":2,"column":0},"end":{"line":2,"column":50}},"2":{"start":{"line":7,"column":16},"end":{"line":7,"column":36}},"3":{"start":{"line":8,"column":4},"end":{"line":8,"column":null}},"4":{"start":{"line":5,"column":0},"end":{"line":5,"column":13}}},"fnMap":{"0":{"name":"(anonymous_0)","decl":{"start":{"line":6,"column":2},"end":{"line":6,"column":8}},"loc":{"start":{"line":6,"column":32},"end":{"line":9,"column":3}}}},"branchMap":{},"s":{"0":1,"1":1,"2":1,"3":1,"4":1},"f":{"0":1},"b":{}}
,"/home/runner/work/org_model/org_model/src/util/query.ts": {"path":"/home/runner/work/org_model/org_model/src/util/query.ts","statementMap":{"0":{"start":{"line":20,"column":2},"end":{"line":20,"column":24}},"1":{"start":{"line":22,"column":4},"end":{"line":27,"column":6}},"2":{"start":{"line":30,"column":26},"end":{"line":30,"column":54}},"3":{"start":{"line":31,"column":26},"end":{"line":31,"column":54}},"4":{"start":{"line":32,"column":27},"end":{"line":32,"column":56}},"5":{"start":{"line":33,"column":26},"end":{"line":33,"column":54}},"6":{"start":{"line":36,"column":4},"end":{"line":36,"column":71}},"7":{"start":{"line":40,"column":4},"end":{"line":40,"column":62}},"8":{"start":{"line":44,"column":4},"end":{"line":44,"column":77}},"9":{"start":{"line":48,"column":4},"end":{"line":48,"column":75}},"10":{"start":{"line":52,"column":4},"end":{"line":57,"column":7}},"11":{"start":{"line":61,"column":28},"end":{"line":61,"column":38}},"12":{"start":{"line":62,"column":4},"end":{"line":62,"column":null}},"13":{"start":{"line":63,"column":4},"end":{"line":63,"column":null}},"14":{"start":{"line":64,"column":4},"end":{"line":64,"column":null}},"15":{"start":{"line":65,"column":4},"end":{"line":65,"column":null}},"16":{"start":{"line":67,"column":4},"end":{"line":69,"column":17}},"17":{"start":{"line":68,"column":18},"end":{"line":68,"column":29}},"18":{"start":{"line":19,"column":0},"end":{"line":19,"column":13}}},"fnMap":{"0":{"name":"(anonymous_2)","decl":{"start":{"line":21,"column":2},"end":{"line":21,"column":14}},"loc":{"start":{"line":21,"column":45},"end":{"line":28,"column":3}}},"1":{"name":"(anonymous_3)","decl":{"start":{"line":30,"column":2},"end":{"line":30,"column":6}},"loc":{"start":{"line":30,"column":12},"end":{"line":30,"column":56}}},"2":{"name":"(anonymous_4)","decl":{"start":{"line":31,"column":2},"end":{"line":31,"column":6}},"loc":{"start":{"line":31,"column":12},"end":{"line":31,"column":56}}},"3":{"name":"(anonymous_5)","decl":{"start":{"line":32,"column":2},"end":{"line":32,"column":6}},"loc":{"start":{"line":32,"column":13},"end":{"line":32,"column":58}}},"4":{"name":"(anonymous_6)","decl":{"start":{"line":33,"column":2},"end":{"line":33,"column":6}},"loc":{"start":{"line":33,"column":12},"end":{"line":33,"column":56}}},"5":{"name":"(anonymous_7)","decl":{"start":{"line":35,"column":2},"end":{"line":35,"column":15}},"loc":{"start":{"line":35,"column":15},"end":{"line":37,"column":3}}},"6":{"name":"(anonymous_8)","decl":{"start":{"line":39,"column":2},"end":{"line":39,"column":15}},"loc":{"start":{"line":39,"column":15},"end":{"line":41,"column":3}}},"7":{"name":"(anonymous_9)","decl":{"start":{"line":43,"column":2},"end":{"line":43,"column":16}},"loc":{"start":{"line":43,"column":16},"end":{"line":45,"column":3}}},"8":{"name":"(anonymous_10)","decl":{"start":{"line":47,"column":2},"end":{"line":47,"column":15}},"loc":{"start":{"line":47,"column":15},"end":{"line":49,"column":3}}},"9":{"name":"(anonymous_11)","decl":{"start":{"line":51,"column":2},"end":{"line":51,"column":7}},"loc":{"start":{"line":51,"column":39},"end":{"line":58,"column":3}}},"10":{"name":"(anonymous_12)","decl":{"start":{"line":60,"column":2},"end":{"line":60,"column":11}},"loc":{"start":{"line":60,"column":11},"end":{"line":70,"column":3}}},"11":{"name":"(anonymous_13)","decl":{"start":{"line":68,"column":14},"end":{"line":68,"column":16}},"loc":{"start":{"line":68,"column":18},"end":{"line":68,"column":29}}}},"branchMap":{"0":{"loc":{"start":{"line":23,"column":14},"end":{"line":23,"column":29}},"type":"binary-expr","locations":[{"start":{"line":23,"column":14},"end":{"line":23,"column":29}},{"start":{"line":23,"column":33},"end":{"line":23,"column":35}}]},"1":{"loc":{"start":{"line":24,"column":14},"end":{"line":24,"column":29}},"type":"binary-expr","locations":[{"start":{"line":24,"column":14},"end":{"line":24,"column":29}},{"start":{"line":24,"column":33},"end":{"line":24,"column":35}}]},"2":{"loc":{"start":{"line":25,"column":15},"end":{"line":25,"column":31}},"type":"binary-expr","locations":[{"start":{"line":25,"column":15},"end":{"line":25,"column":31}},{"start":{"line":25,"column":35},"end":{"line":25,"column":37}}]},"3":{"loc":{"start":{"line":26,"column":14},"end":{"line":26,"column":29}},"type":"binary-expr","locations":[{"start":{"line":26,"column":14},"end":{"line":26,"column":29}},{"start":{"line":26,"column":33},"end":{"line":26,"column":35}}]},"4":{"loc":{"start":{"line":36,"column":33},"end":{"line":36,"column":65}},"type":"cond-expr","locations":[{"start":{"line":36,"column":33},"end":{"line":36,"column":65}},{"start":{"line":36,"column":68},"end":{"line":36,"column":70}}]},"5":{"loc":{"start":{"line":40,"column":33},"end":{"line":40,"column":55}},"type":"cond-expr","locations":[{"start":{"line":40,"column":33},"end":{"line":40,"column":55}},{"start":{"line":40,"column":58},"end":{"line":40,"column":61}}]},"6":{"loc":{"start":{"line":44,"column":34},"end":{"line":44,"column":71}},"type":"cond-expr","locations":[{"start":{"line":44,"column":34},"end":{"line":44,"column":71}},{"start":{"line":44,"column":74},"end":{"line":44,"column":76}}]},"7":{"loc":{"start":{"line":48,"column":33},"end":{"line":48,"column":69}},"type":"cond-expr","locations":[{"start":{"line":48,"column":33},"end":{"line":48,"column":69}},{"start":{"line":48,"column":72},"end":{"line":48,"column":74}}]},"8":{"loc":{"start":{"line":53,"column":33},"end":{"line":53,"column":48}},"type":"binary-expr","locations":[{"start":{"line":53,"column":33},"end":{"line":53,"column":48}},{"start":{"line":53,"column":52},"end":{"line":53,"column":54}}]},"9":{"loc":{"start":{"line":54,"column":33},"end":{"line":54,"column":48}},"type":"binary-expr","locations":[{"start":{"line":54,"column":33},"end":{"line":54,"column":48}},{"start":{"line":54,"column":52},"end":{"line":54,"column":54}}]},"10":{"loc":{"start":{"line":55,"column":35},"end":{"line":55,"column":51}},"type":"binary-expr","locations":[{"start":{"line":55,"column":35},"end":{"line":55,"column":51}},{"start":{"line":55,"column":55},"end":{"line":55,"column":57}}]},"11":{"loc":{"start":{"line":56,"column":33},"end":{"line":56,"column":48}},"type":"binary-expr","locations":[{"start":{"line":56,"column":33},"end":{"line":56,"column":48}},{"start":{"line":56,"column":52},"end":{"line":56,"column":54}}]}},"s":{"0":15,"1":15,"2":12,"3":9,"4":11,"5":9,"6":6,"7":6,"8":6,"9":6,"10":1,"11":3,"12":3,"13":3,"14":3,"15":3,"16":3,"17":15,"18":1},"f":{"0":15,"1":12,"2":9,"3":11,"4":9,"5":6,"6":6,"7":6,"8":6,"9":1,"10":3,"11":15},"b":{"0":[15,9],"1":[15,11],"2":[15,10],"3":[15,11],"4":[5,1],"5":[2,4],"6":[4,2],"7":[2,4],"8":[1,0],"9":[1,1],"10":[1,0],"11":[1,1]}}
}
