{"/home/runner/work/org_model/org_model/src/exception.ts": {"path":"/home/runner/work/org_model/org_model/src/exception.ts","statementMap":{"0":{"start":{"line":3,"column":4},"end":{"line":3,"column":34}},"1":{"start":{"line":1,"column":0},"end":{"line":1,"column":13}}},"fnMap":{"0":{"name":"(anonymous_0)","decl":{"start":{"line":2,"column":2},"end":{"line":2,"column":14}},"loc":{"start":{"line":2,"column":23},"end":{"line":4,"column":3}}}},"branchMap":{},"s":{"0":3,"1":2},"f":{"0":3},"b":{}}
,"/home/runner/work/org_model/org_model/src/model/node.interface.ts": {"path":"/home/runner/work/org_model/org_model/src/model/node.interface.ts","statementMap":{"0":{"start":{"line":1,"column":13},"end":{"line":5,"column":11}}},"fnMap":{},"branchMap":{},"s":{"0":3},"f":{},"b":{}}
,"/home/runner/work/org_model/org_model/src/model/node.ts": {"path":"/home/runner/work/org_model/org_model/src/model/node.ts","statementMap":{"0":{"start":{"line":1,"column":0},"end":{"line":1,"column":54}},"1":{"start":{"line":4,"column":2},"end":{"line":4,"column":29}},"2":{"start":{"line":5,"column":2},"end":{"line":5,"column":19}},"3":{"start":{"line":10,"column":4},"end":{"line":15,"column":6}},"4":{"start":{"line":16,"column":4},"end":{"line":16,"column":36}},"5":{"start":{"line":18,"column":32},"end":{"line":18,"column":56}},"6":{"start":{"line":19,"column":32},"end":{"line":19,"column":62}},"7":{"start":{"line":20,"column":32},"end":{"line":20,"column":58}},"8":{"start":{"line":21,"column":32},"end":{"line":21,"column":60}},"9":{"start":{"line":22,"column":32},"end":{"line":22,"column":54}},"10":{"start":{"line":23,"column":32},"end":{"line":23,"column":53}},"11":{"start":{"line":3,"column":0},"end":{"line":3,"column":22}},"12":{"start":{"line":32,"column":4},"end":{"line":32,"column":51}},"13":{"start":{"line":30,"column":0},"end":{"line":30,"column":13}},"14":{"start":{"line":41,"column":4},"end":{"line":41,"column":54}},"15":{"start":{"line":39,"column":0},"end":{"line":39,"column":13}},"16":{"start":{"line":50,"column":4},"end":{"line":50,"column":52}},"17":{"start":{"line":48,"column":0},"end":{"line":48,"column":13}}},"fnMap":{"0":{"name":"(anonymous_2)","decl":{"start":{"line":7,"column":2},"end":{"line":7,"column":null}},"loc":{"start":{"line":8,"column":48},"end":{"line":17,"column":3}}},"1":{"name":"(anonymous_3)","decl":{"start":{"line":18,"column":2},"end":{"line":18,"column":6}},"loc":{"start":{"line":18,"column":8},"end":{"line":18,"column":58}}},"2":{"name":"(anonymous_4)","decl":{"start":{"line":19,"column":2},"end":{"line":19,"column":6}},"loc":{"start":{"line":19,"column":14},"end":{"line":19,"column":64}}},"3":{"name":"(anonymous_5)","decl":{"start":{"line":20,"column":2},"end":{"line":20,"column":6}},"loc":{"start":{"line":20,"column":10},"end":{"line":20,"column":60}}},"4":{"name":"(anonymous_6)","decl":{"start":{"line":21,"column":2},"end":{"line":21,"column":6}},"loc":{"start":{"line":21,"column":12},"end":{"line":21,"column":62}}},"5":{"name":"(anonymous_7)","decl":{"start":{"line":22,"column":2},"end":{"line":22,"column":6}},"loc":{"start":{"line":22,"column":14},"end":{"line":22,"column":56}}},"6":{"name":"(anonymous_8)","decl":{"start":{"line":23,"column":2},"end":{"line":23,"column":6}},"loc":{"start":{"line":23,"column":10},"end":{"line":23,"column":55}}},"7":{"name":"(anonymous_9)","decl":{"start":{"line":31,"column":2},"end":{"line":31,"column":14}},"loc":{"start":{"line":31,"column":39},"end":{"line":33,"column":3}}},"8":{"name":"(anonymous_10)","decl":{"start":{"line":40,"column":2},"end":{"line":40,"column":14}},"loc":{"start":{"line":40,"column":39},"end":{"line":42,"column":3}}},"9":{"name":"(anonymous_11)","decl":{"start":{"line":49,"column":2},"end":{"line":49,"column":14}},"loc":{"start":{"line":49,"column":39},"end":{"line":51,"column":3}}}},"branchMap":{"0":{"loc":{"start":{"line":11,"column":16},"end":{"line":11,"column":26}},"type":"binary-expr","locations":[{"start":{"line":11,"column":16},"end":{"line":11,"column":26}},{"start":{"line":11,"column":37},"end":{"line":11,"column":41}}]},"1":{"loc":{"start":{"line":12,"column":16},"end":{"line":12,"column":32}},"type":"binary-expr","locations":[{"start":{"line":12,"column":16},"end":{"line":12,"column":32}},{"start":{"line":12,"column":37},"end":{"line":12,"column":53}}]},"2":{"loc":{"start":{"line":13,"column":16},"end":{"line":13,"column":28}},"type":"binary-expr","locations":[{"start":{"line":13,"column":16},"end":{"line":13,"column":28}},{"start":{"line":13,"column":37},"end":{"line":13,"column":39}}]},"3":{"loc":{"start":{"line":14,"column":16},"end":{"line":14,"column":30}},"type":"binary-expr","locations":[{"start":{"line":14,"column":16},"end":{"line":14,"column":30}},{"start":{"line":14,"column":37},"end":{"line":14,"column":41}}]},"4":{"loc":{"start":{"line":16,"column":21},"end":{"line":16,"column":29}},"type":"binary-expr","locations":[{"start":{"line":16,"column":21},"end":{"line":16,"column":29}},{"start":{"line":16,"column":33},"end":{"line":16,"column":35}}]}},"s":{"0":3,"1":43,"2":43,"3":43,"4":43,"5":20,"6":3,"7":3,"8":18,"9":18,"10":19,"11":3,"12":13,"13":3,"14":20,"15":3,"16":10,"17":3},"f":{"0":43,"1":20,"2":3,"3":3,"4":18,"5":18,"6":19,"7":13,"8":20,"9":10},"b":{"0":[43,3],"1":[43,0],"2":[43,0],"3":[43,15],"4":[43,43]}}
,"/home/runner/work/org_model/org_model/src/repository/db.ts": {"path":"/home/runner/work/org_model/org_model/src/repository/db.ts","statementMap":{"0":{"start":{"line":1,"column":0},"end":{"line":1,"column":28}},"1":{"start":{"line":3,"column":13},"end":{"line":8,"column":3}}},"fnMap":{},"branchMap":{},"s":{"0":2,"1":2},"f":{},"b":{}}
,"/home/runner/work/org_model/org_model/src/repository/org_table.ts": {"path":"/home/runner/work/org_model/org_model/src/repository/org_table.ts","statementMap":{"0":{"start":{"line":2,"column":0},"end":{"line":2,"column":45}},"1":{"start":{"line":3,"column":0},"end":{"line":3,"column":62}},"2":{"start":{"line":4,"column":0},"end":{"line":4,"column":61}},"3":{"start":{"line":5,"column":0},"end":{"line":5,"column":38}},"4":{"start":{"line":8,"column":2},"end":{"line":8,"column":18}},"5":{"start":{"line":9,"column":2},"end":{"line":13,"column":null}},"6":{"start":{"line":14,"column":2},"end":{"line":14,"column":21}},"7":{"start":{"line":17,"column":4},"end":{"line":17,"column":26}},"8":{"start":{"line":18,"column":4},"end":{"line":18,"column":38}},"9":{"start":{"line":21,"column":33},"end":{"line":21,"column":56}},"10":{"start":{"line":24,"column":18},"end":{"line":24,"column":88}},"11":{"start":{"line":25,"column":19},"end":{"line":25,"column":72}},"12":{"start":{"line":27,"column":4},"end":{"line":29,"column":null}},"13":{"start":{"line":28,"column":6},"end":{"line":28,"column":34}},"14":{"start":{"line":30,"column":4},"end":{"line":30,"column":38}},"15":{"start":{"line":34,"column":18},"end":{"line":49,"column":6}},"16":{"start":{"line":50,"column":19},"end":{"line":50,"column":82}},"17":{"start":{"line":52,"column":4},"end":{"line":54,"column":null}},"18":{"start":{"line":53,"column":6},"end":{"line":53,"column":34}},"19":{"start":{"line":55,"column":4},"end":{"line":55,"column":37}},"20":{"start":{"line":59,"column":20},"end":{"line":59,"column":51}},"21":{"start":{"line":60,"column":4},"end":{"line":60,"column":52}},"22":{"start":{"line":7,"column":0},"end":{"line":7,"column":13}},"23":{"start":{"line":69,"column":4},"end":{"line":69,"column":18}},"24":{"start":{"line":70,"column":4},"end":{"line":70,"column":37}},"25":{"start":{"line":74,"column":4},"end":{"line":74,"column":55}},"26":{"start":{"line":78,"column":30},"end":{"line":78,"column":84}},"27":{"start":{"line":79,"column":4},"end":{"line":79,"column":48}},"28":{"start":{"line":79,"column":28},"end":{"line":79,"column":46}},"29":{"start":{"line":83,"column":30},"end":{"line":83,"column":84}},"30":{"start":{"line":84,"column":4},"end":{"line":84,"column":48}},"31":{"start":{"line":84,"column":28},"end":{"line":84,"column":46}},"32":{"start":{"line":67,"column":0},"end":{"line":67,"column":13}},"33":{"start":{"line":93,"column":4},"end":{"line":93,"column":18}},"34":{"start":{"line":94,"column":4},"end":{"line":94,"column":40}},"35":{"start":{"line":98,"column":4},"end":{"line":98,"column":55}},"36":{"start":{"line":91,"column":0},"end":{"line":91,"column":13}},"37":{"start":{"line":107,"column":4},"end":{"line":107,"column":18}},"38":{"start":{"line":108,"column":4},"end":{"line":108,"column":38}},"39":{"start":{"line":112,"column":4},"end":{"line":112,"column":55}},"40":{"start":{"line":105,"column":0},"end":{"line":105,"column":13}}},"fnMap":{"0":{"name":"(anonymous_2)","decl":{"start":{"line":16,"column":2},"end":{"line":16,"column":14}},"loc":{"start":{"line":16,"column":27},"end":{"line":19,"column":3}}},"1":{"name":"(anonymous_3)","decl":{"start":{"line":21,"column":2},"end":{"line":21,"column":6}},"loc":{"start":{"line":21,"column":29},"end":{"line":21,"column":57}}},"2":{"name":"(anonymous_4)","decl":{"start":{"line":23,"column":2},"end":{"line":23,"column":7}},"loc":{"start":{"line":23,"column":29},"end":{"line":31,"column":3}}},"3":{"name":"(anonymous_5)","decl":{"start":{"line":33,"column":2},"end":{"line":33,"column":7}},"loc":{"start":{"line":33,"column":55},"end":{"line":56,"column":3}}},"4":{"name":"(anonymous_6)","decl":{"start":{"line":58,"column":2},"end":{"line":58,"column":11}},"loc":{"start":{"line":58,"column":28},"end":{"line":61,"column":3}}},"5":{"name":"(anonymous_7)","decl":{"start":{"line":68,"column":2},"end":{"line":68,"column":14}},"loc":{"start":{"line":68,"column":27},"end":{"line":71,"column":3}}},"6":{"name":"(anonymous_8)","decl":{"start":{"line":73,"column":2},"end":{"line":73,"column":7}},"loc":{"start":{"line":73,"column":29},"end":{"line":75,"column":3}}},"7":{"name":"(anonymous_9)","decl":{"start":{"line":77,"column":2},"end":{"line":77,"column":7}},"loc":{"start":{"line":77,"column":39},"end":{"line":80,"column":3}}},"8":{"name":"(anonymous_10)","decl":{"start":{"line":79,"column":22},"end":{"line":79,"column":24}},"loc":{"start":{"line":79,"column":28},"end":{"line":79,"column":46}}},"9":{"name":"(anonymous_11)","decl":{"start":{"line":82,"column":2},"end":{"line":82,"column":7}},"loc":{"start":{"line":82,"column":38},"end":{"line":85,"column":3}}},"10":{"name":"(anonymous_12)","decl":{"start":{"line":84,"column":22},"end":{"line":84,"column":24}},"loc":{"start":{"line":84,"column":28},"end":{"line":84,"column":46}}},"11":{"name":"(anonymous_13)","decl":{"start":{"line":92,"column":2},"end":{"line":92,"column":14}},"loc":{"start":{"line":92,"column":27},"end":{"line":95,"column":3}}},"12":{"name":"(anonymous_14)","decl":{"start":{"line":97,"column":2},"end":{"line":97,"column":7}},"loc":{"start":{"line":97,"column":29},"end":{"line":99,"column":3}}},"13":{"name":"(anonymous_15)","decl":{"start":{"line":106,"column":2},"end":{"line":106,"column":14}},"loc":{"start":{"line":106,"column":27},"end":{"line":109,"column":3}}},"14":{"name":"(anonymous_16)","decl":{"start":{"line":111,"column":2},"end":{"line":111,"column":7}},"loc":{"start":{"line":111,"column":29},"end":{"line":113,"column":3}}}},"branchMap":{"0":{"loc":{"start":{"line":27,"column":4},"end":{"line":29,"column":null}},"type":"if","locations":[{"start":{"line":27,"column":4},"end":{"line":29,"column":null}},{"start":{"line":27,"column":4},"end":{"line":29,"column":null}}]},"1":{"loc":{"start":{"line":52,"column":4},"end":{"line":54,"column":null}},"type":"if","locations":[{"start":{"line":52,"column":4},"end":{"line":54,"column":null}},{"start":{"line":52,"column":4},"end":{"line":54,"column":null}}]}},"s":{"0":2,"1":2,"2":2,"3":2,"4":9,"5":9,"6":9,"7":9,"8":9,"9":9,"10":9,"11":9,"12":9,"13":3,"14":6,"15":4,"16":4,"17":4,"18":0,"19":4,"20":20,"21":20,"22":2,"23":5,"24":5,"25":3,"26":2,"27":2,"28":7,"29":2,"30":2,"31":7,"32":2,"33":2,"34":2,"35":3,"36":2,"37":2,"38":2,"39":3,"40":2},"f":{"0":9,"1":9,"2":9,"3":4,"4":20,"5":5,"6":3,"7":2,"8":7,"9":2,"10":7,"11":2,"12":3,"13":2,"14":3},"b":{"0":[3,6],"1":[0,4]}}
,"/home/runner/work/org_model/org_model/src/service/storage.ts": {"path":"/home/runner/work/org_model/org_model/src/service/storage.ts","statementMap":{"0":{"start":{"line":1,"column":0},"end":{"line":1,"column":42}},"1":{"start":{"line":2,"column":0},"end":{"line":2,"column":71}},"2":{"start":{"line":7,"column":16},"end":{"line":7,"column":36}},"3":{"start":{"line":8,"column":4},"end":{"line":8,"column":37}},"4":{"start":{"line":12,"column":16},"end":{"line":12,"column":36}},"5":{"start":{"line":13,"column":4},"end":{"line":13,"column":37}},"6":{"start":{"line":17,"column":16},"end":{"line":17,"column":36}},"7":{"start":{"line":18,"column":4},"end":{"line":18,"column":37}},"8":{"start":{"line":22,"column":16},"end":{"line":22,"column":36}},"9":{"start":{"line":23,"column":16},"end":{"line":23,"column":51}},"10":{"start":{"line":24,"column":48},"end":{"line":27,"column":45}},"11":{"start":{"line":25,"column":6},"end":{"line":25,"column":null}},"12":{"start":{"line":25,"column":18},"end":{"line":25,"column":37}},"13":{"start":{"line":26,"column":6},"end":{"line":26,"column":17}},"14":{"start":{"line":28,"column":4},"end":{"line":29,"column":64}},"15":{"start":{"line":28,"column":21},"end":{"line":28,"column":39}},"16":{"start":{"line":29,"column":19},"end":{"line":29,"column":62}},"17":{"start":{"line":30,"column":4},"end":{"line":30,"column":34}},"18":{"start":{"line":34,"column":16},"end":{"line":34,"column":36}},"19":{"start":{"line":35,"column":16},"end":{"line":35,"column":50}},"20":{"start":{"line":36,"column":46},"end":{"line":39,"column":43}},"21":{"start":{"line":37,"column":6},"end":{"line":37,"column":null}},"22":{"start":{"line":37,"column":18},"end":{"line":37,"column":37}},"23":{"start":{"line":38,"column":6},"end":{"line":38,"column":17}},"24":{"start":{"line":40,"column":4},"end":{"line":41,"column":64}},"25":{"start":{"line":40,"column":21},"end":{"line":40,"column":39}},"26":{"start":{"line":41,"column":19},"end":{"line":41,"column":62}},"27":{"start":{"line":42,"column":4},"end":{"line":42,"column":34}},"28":{"start":{"line":5,"column":0},"end":{"line":5,"column":13}}},"fnMap":{"0":{"name":"(anonymous_0)","decl":{"start":{"line":6,"column":2},"end":{"line":6,"column":8}},"loc":{"start":{"line":6,"column":40},"end":{"line":9,"column":3}}},"1":{"name":"(anonymous_1)","decl":{"start":{"line":11,"column":2},"end":{"line":11,"column":8}},"loc":{"start":{"line":11,"column":43},"end":{"line":14,"column":3}}},"2":{"name":"(anonymous_2)","decl":{"start":{"line":16,"column":2},"end":{"line":16,"column":8}},"loc":{"start":{"line":16,"column":41},"end":{"line":19,"column":3}}},"3":{"name":"(anonymous_3)","decl":{"start":{"line":21,"column":2},"end":{"line":21,"column":8}},"loc":{"start":{"line":21,"column":48},"end":{"line":31,"column":3}}},"4":{"name":"(anonymous_4)","decl":{"start":{"line":24,"column":59},"end":{"line":24,"column":60}},"loc":{"start":{"line":24,"column":71},"end":{"line":27,"column":5}}},"5":{"name":"(anonymous_5)","decl":{"start":{"line":28,"column":15},"end":{"line":28,"column":17}},"loc":{"start":{"line":28,"column":21},"end":{"line":28,"column":39}}},"6":{"name":"(anonymous_6)","decl":{"start":{"line":29,"column":13},"end":{"line":29,"column":15}},"loc":{"start":{"line":29,"column":19},"end":{"line":29,"column":62}}},"7":{"name":"(anonymous_7)","decl":{"start":{"line":33,"column":2},"end":{"line":33,"column":8}},"loc":{"start":{"line":33,"column":48},"end":{"line":43,"column":3}}},"8":{"name":"(anonymous_8)","decl":{"start":{"line":36,"column":57},"end":{"line":36,"column":58}},"loc":{"start":{"line":36,"column":69},"end":{"line":39,"column":5}}},"9":{"name":"(anonymous_9)","decl":{"start":{"line":40,"column":15},"end":{"line":40,"column":17}},"loc":{"start":{"line":40,"column":21},"end":{"line":40,"column":39}}},"10":{"name":"(anonymous_10)","decl":{"start":{"line":41,"column":13},"end":{"line":41,"column":15}},"loc":{"start":{"line":41,"column":19},"end":{"line":41,"column":62}}}},"branchMap":{"0":{"loc":{"start":{"line":25,"column":6},"end":{"line":25,"column":null}},"type":"if","locations":[{"start":{"line":25,"column":6},"end":{"line":25,"column":null}},{"start":{"line":25,"column":6},"end":{"line":25,"column":null}}]},"1":{"loc":{"start":{"line":29,"column":27},"end":{"line":29,"column":36}},"type":"binary-expr","locations":[{"start":{"line":29,"column":27},"end":{"line":29,"column":36}},{"start":{"line":29,"column":40},"end":{"line":29,"column":42}}]},"2":{"loc":{"start":{"line":37,"column":6},"end":{"line":37,"column":null}},"type":"if","locations":[{"start":{"line":37,"column":6},"end":{"line":37,"column":null}},{"start":{"line":37,"column":6},"end":{"line":37,"column":null}}]},"3":{"loc":{"start":{"line":41,"column":27},"end":{"line":41,"column":36}},"type":"binary-expr","locations":[{"start":{"line":41,"column":27},"end":{"line":41,"column":36}},{"start":{"line":41,"column":40},"end":{"line":41,"column":42}}]}},"s":{"0":1,"1":1,"2":1,"3":1,"4":1,"5":1,"6":1,"7":1,"8":1,"9":1,"10":1,"11":5,"12":5,"13":5,"14":1,"15":5,"16":4,"17":1,"18":1,"19":1,"20":1,"21":5,"22":5,"23":5,"24":1,"25":5,"26":4,"27":1,"28":1},"f":{"0":1,"1":1,"2":1,"3":1,"4":5,"5":5,"6":4,"7":1,"8":5,"9":5,"10":4},"b":{"0":[5,0],"1":[4,0],"2":[5,0],"3":[4,0]}}
,"/home/runner/work/org_model/org_model/src/util/query.ts": {"path":"/home/runner/work/org_model/org_model/src/util/query.ts","statementMap":{"0":{"start":{"line":20,"column":2},"end":{"line":20,"column":24}},"1":{"start":{"line":22,"column":4},"end":{"line":27,"column":6}},"2":{"start":{"line":30,"column":26},"end":{"line":30,"column":54}},"3":{"start":{"line":31,"column":26},"end":{"line":31,"column":54}},"4":{"start":{"line":32,"column":27},"end":{"line":32,"column":56}},"5":{"start":{"line":33,"column":26},"end":{"line":33,"column":54}},"6":{"start":{"line":36,"column":4},"end":{"line":36,"column":71}},"7":{"start":{"line":40,"column":4},"end":{"line":40,"column":62}},"8":{"start":{"line":44,"column":4},"end":{"line":44,"column":77}},"9":{"start":{"line":48,"column":4},"end":{"line":48,"column":75}},"10":{"start":{"line":52,"column":4},"end":{"line":57,"column":7}},"11":{"start":{"line":61,"column":28},"end":{"line":61,"column":38}},"12":{"start":{"line":62,"column":4},"end":{"line":62,"column":37}},"13":{"start":{"line":63,"column":4},"end":{"line":63,"column":37}},"14":{"start":{"line":64,"column":4},"end":{"line":64,"column":38}},"15":{"start":{"line":65,"column":4},"end":{"line":65,"column":37}},"16":{"start":{"line":67,"column":4},"end":{"line":69,"column":17}},"17":{"start":{"line":68,"column":18},"end":{"line":68,"column":29}},"18":{"start":{"line":19,"column":0},"end":{"line":19,"column":13}}},"fnMap":{"0":{"name":"(anonymous_2)","decl":{"start":{"line":21,"column":2},"end":{"line":21,"column":14}},"loc":{"start":{"line":21,"column":45},"end":{"line":28,"column":3}}},"1":{"name":"(anonymous_3)","decl":{"start":{"line":30,"column":2},"end":{"line":30,"column":6}},"loc":{"start":{"line":30,"column":12},"end":{"line":30,"column":56}}},"2":{"name":"(anonymous_4)","decl":{"start":{"line":31,"column":2},"end":{"line":31,"column":6}},"loc":{"start":{"line":31,"column":12},"end":{"line":31,"column":56}}},"3":{"name":"(anonymous_5)","decl":{"start":{"line":32,"column":2},"end":{"line":32,"column":6}},"loc":{"start":{"line":32,"column":13},"end":{"line":32,"column":58}}},"4":{"name":"(anonymous_6)","decl":{"start":{"line":33,"column":2},"end":{"line":33,"column":6}},"loc":{"start":{"line":33,"column":12},"end":{"line":33,"column":56}}},"5":{"name":"(anonymous_7)","decl":{"start":{"line":35,"column":2},"end":{"line":35,"column":15}},"loc":{"start":{"line":35,"column":15},"end":{"line":37,"column":3}}},"6":{"name":"(anonymous_8)","decl":{"start":{"line":39,"column":2},"end":{"line":39,"column":15}},"loc":{"start":{"line":39,"column":15},"end":{"line":41,"column":3}}},"7":{"name":"(anonymous_9)","decl":{"start":{"line":43,"column":2},"end":{"line":43,"column":16}},"loc":{"start":{"line":43,"column":16},"end":{"line":45,"column":3}}},"8":{"name":"(anonymous_10)","decl":{"start":{"line":47,"column":2},"end":{"line":47,"column":15}},"loc":{"start":{"line":47,"column":15},"end":{"line":49,"column":3}}},"9":{"name":"(anonymous_11)","decl":{"start":{"line":51,"column":2},"end":{"line":51,"column":7}},"loc":{"start":{"line":51,"column":39},"end":{"line":58,"column":3}}},"10":{"name":"(anonymous_12)","decl":{"start":{"line":60,"column":2},"end":{"line":60,"column":11}},"loc":{"start":{"line":60,"column":11},"end":{"line":70,"column":3}}},"11":{"name":"(anonymous_13)","decl":{"start":{"line":68,"column":14},"end":{"line":68,"column":16}},"loc":{"start":{"line":68,"column":18},"end":{"line":68,"column":29}}}},"branchMap":{"0":{"loc":{"start":{"line":23,"column":14},"end":{"line":23,"column":29}},"type":"binary-expr","locations":[{"start":{"line":23,"column":14},"end":{"line":23,"column":29}},{"start":{"line":23,"column":33},"end":{"line":23,"column":35}}]},"1":{"loc":{"start":{"line":24,"column":14},"end":{"line":24,"column":29}},"type":"binary-expr","locations":[{"start":{"line":24,"column":14},"end":{"line":24,"column":29}},{"start":{"line":24,"column":33},"end":{"line":24,"column":35}}]},"2":{"loc":{"start":{"line":25,"column":15},"end":{"line":25,"column":31}},"type":"binary-expr","locations":[{"start":{"line":25,"column":15},"end":{"line":25,"column":31}},{"start":{"line":25,"column":35},"end":{"line":25,"column":37}}]},"3":{"loc":{"start":{"line":26,"column":14},"end":{"line":26,"column":29}},"type":"binary-expr","locations":[{"start":{"line":26,"column":14},"end":{"line":26,"column":29}},{"start":{"line":26,"column":33},"end":{"line":26,"column":35}}]},"4":{"loc":{"start":{"line":36,"column":33},"end":{"line":36,"column":65}},"type":"cond-expr","locations":[{"start":{"line":36,"column":33},"end":{"line":36,"column":65}},{"start":{"line":36,"column":68},"end":{"line":36,"column":70}}]},"5":{"loc":{"start":{"line":40,"column":33},"end":{"line":40,"column":55}},"type":"cond-expr","locations":[{"start":{"line":40,"column":33},"end":{"line":40,"column":55}},{"start":{"line":40,"column":58},"end":{"line":40,"column":61}}]},"6":{"loc":{"start":{"line":44,"column":34},"end":{"line":44,"column":71}},"type":"cond-expr","locations":[{"start":{"line":44,"column":34},"end":{"line":44,"column":71}},{"start":{"line":44,"column":74},"end":{"line":44,"column":76}}]},"7":{"loc":{"start":{"line":48,"column":33},"end":{"line":48,"column":69}},"type":"cond-expr","locations":[{"start":{"line":48,"column":33},"end":{"line":48,"column":69}},{"start":{"line":48,"column":72},"end":{"line":48,"column":74}}]},"8":{"loc":{"start":{"line":53,"column":33},"end":{"line":53,"column":48}},"type":"binary-expr","locations":[{"start":{"line":53,"column":33},"end":{"line":53,"column":48}},{"start":{"line":53,"column":52},"end":{"line":53,"column":54}}]},"9":{"loc":{"start":{"line":54,"column":33},"end":{"line":54,"column":48}},"type":"binary-expr","locations":[{"start":{"line":54,"column":33},"end":{"line":54,"column":48}},{"start":{"line":54,"column":52},"end":{"line":54,"column":54}}]},"10":{"loc":{"start":{"line":55,"column":35},"end":{"line":55,"column":51}},"type":"binary-expr","locations":[{"start":{"line":55,"column":35},"end":{"line":55,"column":51}},{"start":{"line":55,"column":55},"end":{"line":55,"column":57}}]},"11":{"loc":{"start":{"line":56,"column":33},"end":{"line":56,"column":48}},"type":"binary-expr","locations":[{"start":{"line":56,"column":33},"end":{"line":56,"column":48}},{"start":{"line":56,"column":52},"end":{"line":56,"column":54}}]}},"s":{"0":33,"1":33,"2":39,"3":27,"4":38,"5":36,"6":15,"7":15,"8":15,"9":15,"10":10,"11":12,"12":12,"13":12,"14":12,"15":12,"16":12,"17":60,"18":3},"f":{"0":33,"1":39,"2":27,"3":38,"4":36,"5":15,"6":15,"7":15,"8":15,"9":10,"10":12,"11":60},"b":{"0":[33,9],"1":[33,20],"2":[33,10],"3":[33,11],"4":[14,1],"5":[2,13],"6":[13,2],"7":[11,4],"8":[10,9],"9":[10,10],"10":[10,0],"11":[10,10]}}
}
