TN:
SF:src/model/organization.ts
FN:16,(anonymous_2)
FN:23,(anonymous_3)
FN:24,(anonymous_4)
FN:25,(anonymous_5)
FN:26,(anonymous_6)
FN:30,(anonymous_7)
FN:37,(anonymous_8)
FN:44,(anonymous_9)
FNF:8
FNH:8
FNDA:4,(anonymous_2)
FNDA:3,(anonymous_3)
FNDA:3,(anonymous_4)
FNDA:4,(anonymous_5)
FNDA:4,(anonymous_6)
FNDA:2,(anonymous_7)
FNDA:1,(anonymous_8)
FNDA:1,(anonymous_9)
DA:1,2
DA:15,4
DA:17,4
DA:23,3
DA:24,3
DA:25,4
DA:26,4
DA:29,2
DA:31,2
DA:32,2
DA:36,2
DA:38,1
DA:39,1
DA:43,2
DA:45,1
DA:46,1
LF:16
LH:16
BRDA:18,0,0,4
BRDA:18,0,1,0
BRF:2
BRH:1
end_of_record
TN:
SF:src/repository/db.ts
FNF:0
FNH:0
DA:1,2
DA:3,2
LF:2
LH:2
BRF:0
BRH:0
end_of_record
TN:
SF:src/repository/org.ts
FN:12,(anonymous_2)
FN:16,(anonymous_3)
FN:28,(anonymous_4)
FN:39,(anonymous_5)
FN:61,(anonymous_6)
FN:68,(anonymous_7)
FNF:6
FNH:3
FNDA:3,(anonymous_2)
FNDA:2,(anonymous_3)
FNDA:1,(anonymous_4)
FNDA:0,(anonymous_5)
FNDA:0,(anonymous_6)
FNDA:0,(anonymous_7)
DA:2,2
DA:4,2
DA:5,3
DA:6,3
DA:13,3
DA:17,2
DA:18,2
DA:19,2
DA:20,0
DA:22,2
DA:29,1
DA:32,1
DA:33,1
DA:41,0
LF:14
LH:12
BRDA:19,0,0,0
BRDA:19,0,1,2
BRDA:39,1,0,0
BRDA:61,2,0,0
BRF:4
BRH:1
end_of_record
TN:
SF:src/service/company.ts
FN:6,(anonymous_0)
FNF:1
FNH:1
FNDA:1,(anonymous_0)
DA:1,1
DA:2,1
DA:3,1
DA:5,1
DA:7,1
DA:8,1
LF:6
LH:6
BRF:0
BRH:0
end_of_record
TN:
SF:src/util/query.ts
FN:21,(anonymous_2)
FN:30,(anonymous_3)
FN:31,(anonymous_4)
FN:32,(anonymous_5)
FN:33,(anonymous_6)
FN:35,(anonymous_7)
FN:39,(anonymous_8)
FN:43,(anonymous_9)
FN:47,(anonymous_10)
FN:51,(anonymous_11)
FN:60,(anonymous_12)
FN:68,(anonymous_13)
FNF:12
FNH:12
FNDA:21,(anonymous_2)
FNDA:21,(anonymous_3)
FNDA:15,(anonymous_4)
FNDA:20,(anonymous_5)
FNDA:18,(anonymous_6)
FNDA:9,(anonymous_7)
FNDA:9,(anonymous_8)
FNDA:9,(anonymous_9)
FNDA:9,(anonymous_10)
FNDA:4,(anonymous_11)
FNDA:6,(anonymous_12)
FNDA:30,(anonymous_13)
DA:19,3
DA:20,21
DA:22,21
DA:30,21
DA:31,15
DA:32,20
DA:33,18
DA:36,9
DA:40,9
DA:44,9
DA:48,9
DA:52,4
DA:61,6
DA:62,6
DA:63,6
DA:64,6
DA:65,6
DA:67,6
DA:68,30
LF:19
LH:19
BRDA:23,0,0,21
BRDA:23,0,1,9
BRDA:24,1,0,21
BRDA:24,1,1,14
BRDA:25,2,0,21
BRDA:25,2,1,10
BRDA:26,3,0,21
BRDA:26,3,1,11
BRDA:36,4,0,8
BRDA:36,4,1,1
BRDA:40,5,0,2
BRDA:40,5,1,7
BRDA:44,6,0,7
BRDA:44,6,1,2
BRDA:48,7,0,5
BRDA:48,7,1,4
BRDA:53,8,0,4
BRDA:53,8,1,3
BRDA:54,9,0,4
BRDA:54,9,1,4
BRDA:55,10,0,4
BRDA:55,10,1,0
BRDA:56,11,0,4
BRDA:56,11,1,4
BRF:24
BRH:23
end_of_record
