TN:
SF:src/exception.ts
FN:2,(anonymous_0)
FNF:1
FNH:1
FNDA:3,(anonymous_0)
DA:1,2
DA:3,3
LF:2
LH:2
BRF:0
BRH:0
end_of_record
TN:
SF:src/model/node.interface.ts
FNF:0
FNH:0
DA:1,3
LF:1
LH:1
BRF:0
BRH:0
end_of_record
TN:
SF:src/model/node.ts
FN:7,(anonymous_2)
FN:18,(anonymous_3)
FN:19,(anonymous_4)
FN:20,(anonymous_5)
FN:21,(anonymous_6)
FN:22,(anonymous_7)
FN:23,(anonymous_8)
FN:31,(anonymous_9)
FN:40,(anonymous_10)
FN:49,(anonymous_11)
FNF:10
FNH:7
FNDA:11,(anonymous_2)
FNDA:0,(anonymous_3)
FNDA:3,(anonymous_4)
FNDA:3,(anonymous_5)
FNDA:0,(anonymous_6)
FNDA:0,(anonymous_7)
FNDA:11,(anonymous_8)
FNDA:5,(anonymous_9)
FNDA:3,(anonymous_10)
FNDA:3,(anonymous_11)
DA:1,3
DA:3,3
DA:4,11
DA:5,11
DA:10,11
DA:16,11
DA:18,0
DA:19,3
DA:20,3
DA:21,0
DA:22,0
DA:23,11
DA:30,3
DA:32,5
DA:39,3
DA:41,3
DA:48,3
DA:50,3
LF:18
LH:15
BRDA:11,0,0,11
BRDA:11,0,1,3
BRDA:12,1,0,11
BRDA:12,1,1,0
BRDA:13,2,0,11
BRDA:13,2,1,0
BRDA:14,3,0,11
BRDA:14,3,1,7
BRDA:16,4,0,11
BRDA:16,4,1,11
BRF:10
BRH:8
end_of_record
TN:
SF:src/repository/db.ts
FNF:0
FNH:0
DA:1,2
DA:3,2
LF:2
LH:2
BRF:0
BRH:0
end_of_record
TN:
SF:src/repository/org_table.ts
FN:16,(anonymous_2)
FN:21,(anonymous_3)
FN:23,(anonymous_4)
FN:38,(anonymous_5)
FN:43,(anonymous_6)
FN:52,(anonymous_7)
FN:57,(anonymous_8)
FN:66,(anonymous_9)
FN:71,(anonymous_10)
FNF:9
FNH:9
FNDA:4,(anonymous_2)
FNDA:4,(anonymous_3)
FNDA:7,(anonymous_4)
FNDA:2,(anonymous_5)
FNDA:3,(anonymous_6)
FNDA:1,(anonymous_7)
FNDA:2,(anonymous_8)
FNDA:1,(anonymous_9)
FNDA:2,(anonymous_10)
DA:2,2
DA:3,2
DA:4,2
DA:5,2
DA:7,2
DA:8,4
DA:9,4
DA:14,4
DA:17,4
DA:18,4
DA:21,4
DA:24,7
DA:25,7
DA:27,7
DA:28,3
DA:30,4
DA:37,2
DA:39,2
DA:40,2
DA:44,3
DA:51,2
DA:53,1
DA:54,1
DA:58,2
DA:65,2
DA:67,1
DA:68,1
DA:72,2
LF:28
LH:28
BRDA:27,0,0,3
BRDA:27,0,1,4
BRF:2
BRH:2
end_of_record
TN:
SF:src/service/company.ts
FN:6,(anonymous_0)
FNF:1
FNH:1
FNDA:1,(anonymous_0)
DA:1,1
DA:2,1
DA:5,1
DA:7,1
DA:8,1
LF:5
LH:5
BRF:0
BRH:0
end_of_record
TN:
SF:src/util/query.ts
FN:21,(anonymous_2)
FN:30,(anonymous_3)
FN:31,(anonymous_4)
FN:32,(anonymous_5)
FN:33,(anonymous_6)
FN:35,(anonymous_7)
FN:39,(anonymous_8)
FN:43,(anonymous_9)
FN:47,(anonymous_10)
FN:51,(anonymous_11)
FN:60,(anonymous_12)
FN:68,(anonymous_13)
FNF:12
FNH:12
FNDA:26,(anonymous_2)
FNDA:33,(anonymous_3)
FNDA:23,(anonymous_4)
FNDA:32,(anonymous_5)
FNDA:30,(anonymous_6)
FNDA:13,(anonymous_7)
FNDA:13,(anonymous_8)
FNDA:13,(anonymous_9)
FNDA:13,(anonymous_10)
FNDA:8,(anonymous_11)
FNDA:10,(anonymous_12)
FNDA:50,(anonymous_13)
DA:19,3
DA:20,26
DA:22,26
DA:30,33
DA:31,23
DA:32,32
DA:33,30
DA:36,13
DA:40,13
DA:44,13
DA:48,13
DA:52,8
DA:61,10
DA:62,10
DA:63,10
DA:64,10
DA:65,10
DA:67,10
DA:68,50
LF:19
LH:19
BRDA:23,0,0,26
BRDA:23,0,1,9
BRDA:24,1,0,26
BRDA:24,1,1,15
BRDA:25,2,0,26
BRDA:25,2,1,10
BRDA:26,3,0,26
BRDA:26,3,1,11
BRDA:36,4,0,12
BRDA:36,4,1,1
BRDA:40,5,0,2
BRDA:40,5,1,11
BRDA:44,6,0,11
BRDA:44,6,1,2
BRDA:48,7,0,9
BRDA:48,7,1,4
BRDA:53,8,0,8
BRDA:53,8,1,7
BRDA:54,9,0,8
BRDA:54,9,1,8
BRDA:55,10,0,8
BRDA:55,10,1,0
BRDA:56,11,0,8
BRDA:56,11,1,8
BRF:24
BRH:23
end_of_record
